<?xml version="1.0" encoding="UTF-8"?>
<testsuite xmlns:xsi="http://www.w3.org/2001/XMLSchema-instance" xsi:noNamespaceSchemaLocation="https://maven.apache.org/surefire/maven-surefire-plugin/xsd/surefire-test-report.xsd" name="cucumbertests.RunCucumberTest" time="3.756" tests="19" errors="0" skipped="0" failures="0">
  <properties>
[...]
</properties>
  <testcase name="Adding two integer numbers #1" classname="cucumbertests.RunCucumberTest" time="0.093"/>
  <testcase name="Subtracting two integer numbers" classname="cucumbertests.RunCucumberTest" time="0.015"/>
  <testcase name="Multiplying two integer numbers" classname="cucumbertests.RunCucumberTest" time="0.008"/>
  <testcase name="Dividing two integer numbers #1" classname="cucumbertests.RunCucumberTest" time="0.009"/>
  <testcase name="Printing the sum of two integer numbers" classname="cucumbertests.RunCucumberTest" time="0.019"/>
  <testcase name="Evaluation arithmetic operations over a list of integer numbers" classname="cucumbertests.RunCucumberTest" time="0.017"/>
  <testcase name="Adding two integer numbers #2" classname="cucumbertests.RunCucumberTest" time="0.008"/>
  <testcase name="Adding two integer numbers #3" classname="cucumbertests.RunCucumberTest" time="0.01"/>
  <testcase name="Dividing two integer numbers #2" classname="cucumbertests.RunCucumberTest" time="0.008"/>
  <testcase name="Dividing two integer numbers #3" classname="cucumbertests.RunCucumberTest" time="0.008"/>
  <testcase name="Dividing two integer numbers #4" classname="cucumbertests.RunCucumberTest" time="0.009"/>
  <testcase name="Evaluating arithmetic operations with two integer parameters #1" classname="cucumbertests.RunCucumberTest" time="0.007"/>
  <testcase name="Evaluating arithmetic operations with two integer parameters #2" classname="cucumbertests.RunCucumberTest" time="0.008"/>
  <testcase name="Evaluating arithmetic operations with two integer parameters #3" classname="cucumbertests.RunCucumberTest" time="0.007"/>
  <testcase name="Evaluating arithmetic operations with two integer parameters #4" classname="cucumbertests.RunCucumberTest" time="0.008"/>
  <testcase name="Evaluating operations with two integer parameters #1" classname="cucumbertests.RunCucumberTest" time="0.011"/>
  <testcase name="Evaluating operations with two integer parameters #2" classname="cucumbertests.RunCucumberTest" time="0.007"/>
  <testcase name="Evaluating operations with two integer parameters #3" classname="cucumbertests.RunCucumberTest" time="0.008"/>
  <testcase name="Evaluating operations with two integer parameters #4" classname="cucumbertests.RunCucumberTest" time="0.007"/>
</testsuite>