<?xml version="1.0" encoding="UTF-8"?>
<testsuite xmlns:xsi="http://www.w3.org/2001/XMLSchema-instance" xsi:noNamespaceSchemaLocation="https://maven.apache.org/surefire/maven-surefire-plugin/xsd/surefire-test-report.xsd" name="cucumbertests.RunCucumberTest" time="2.669" tests="17" errors="2" skipped="0" failures="0">
  <properties>
[...]
</properties>
  <testcase name="Adding two integer numbers #1" classname="cucumbertests.RunCucumberTest" time="0.084"/>
  <testcase name="Subtracting two integer numbers" classname="cucumbertests.RunCucumberTest" time="0.01"/>
  <testcase name="Multiplying two integer numbers" classname="cucumbertests.RunCucumberTest" time="0.017"/>
  <testcase name="Dividing two integer numbers #1" classname="cucumbertests.RunCucumberTest" time="0.004"/>
  <testcase name="Printing the sum of two integer numbers" classname="cucumbertests.RunCucumberTest" time="0.021"/>
  <testcase name="Evaluation arithmetic operations over a list of integer numbers" classname="cucumbertests.RunCucumberTest" time="0.013"/>
  <testcase name="Adding two integer numbers #2" classname="cucumbertests.RunCucumberTest" time="0.005"/>
  <testcase name="Adding two integer numbers #3" classname="cucumbertests.RunCucumberTest" time="0.008"/>
  <testcase name="Dividing two integer numbers #2" classname="cucumbertests.RunCucumberTest" time="0.006"/>
  <testcase name="Dividing two integer numbers #3" classname="cucumbertests.RunCucumberTest" time="0.006"/>
  <testcase name="Dividing two integer numbers #4" classname="cucumbertests.RunCucumberTest" time="0.006"/>
  <testcase name="Evaluating arithmetic operations with two integer parameters #1" classname="cucumbertests.RunCucumberTest" time="0.005"/>
  <testcase name="Evaluating arithmetic operations with two integer parameters #2" classname="cucumbertests.RunCucumberTest" time="0.006"/>
  <testcase name="Evaluating arithmetic operations with two integer parameters #3" classname="cucumbertests.RunCucumberTest" time="0.006"/>
  <testcase name="Evaluating arithmetic operations with two integer parameters #4" classname="cucumbertests.RunCucumberTest" time="0.005"/>
  <testcase name="Adding two integer numbers" classname="cucumbertests.RunCucumberTest" time="0.024">
    <error message="Cannot invoke &quot;calculator.Operation.addMoreParams(java.util.List)&quot; because &quot;this.op&quot; is null" type="java.lang.NullPointerException">java.lang.NullPointerException: Cannot invoke "calculator.Operation.addMoreParams(java.util.List)" because "this.op" is null
</error>
    <system-out><![CDATA[
Scenario: Adding two integer numbers &amp#27;[90m# src/test/resources/calculator/calculator2.feature:15&amp#27;[0m
  &amp#27;[32mGiven &amp#27;[0m&amp#27;[32mI initialise a calculator&amp#27;[0m    &amp#27;[90m# cucumbertests.CalculatorSteps.givenIInitialiseACalculator()&amp#27;[0m
  &amp#27;[31mWhen &amp#27;[0m&amp#27;[31mI provide a &amp#27;[0m&amp#27;[31m&amp#27;[1mfirst&amp#27;[0m&amp#27;[31m number &amp#27;[0m&amp#27;[31m&amp#27;[1m8&amp#27;[0m    &amp#27;[90m# cucumbertests.CalculatorSteps.whenIProvideANumber(java.lang.String,int)&amp#27;[0m
      &amp#27;[31mjava.lang.NullPointerException: Cannot invoke "calculator.Operation.addMoreParams(java.util.List)" because "this.op" is null
	at cucumbertests.CalculatorSteps.whenIProvideANumber(CalculatorSteps.java:91)
	at ✽.I provide a first number 8(file:///home/arnaubuntu/Documents/SE/cucumber/calculator-cucumber/src/test/resources/calculator/calculator2.feature:16)
&amp#27;[0m
  &amp#27;[36mAnd &amp#27;[0m&amp#27;[36mI provide a &amp#27;[0m&amp#27;[36m&amp#27;[1msecond&amp#27;[0m&amp#27;[36m number &amp#27;[0m&amp#27;[36m&amp#27;[1m6&amp#27;[0m    &amp#27;[90m# cucumbertests.CalculatorSteps.whenIProvideANumber(java.lang.String,int)&amp#27;[0m
  &amp#27;[36mGiven &amp#27;[0m&amp#27;[36man integer operation &amp#27;[0m&amp#27;[36m&amp#27;[1m'+'&amp#27;[0m     &amp#27;[90m# cucumbertests.CalculatorSteps.givenAnIntegerOperation(java.lang.String)&amp#27;[0m
  &amp#27;[36mThen &amp#27;[0m&amp#27;[36mthe operation evaluates to &amp#27;[0m&amp#27;[36m&amp#27;[1m14&amp#27;[0m &amp#27;[90m# cucumbertests.CalculatorSteps.thenTheOperationEvaluatesTo(int)&amp#27;[0m
]]></system-out>
  </testcase>
  <testcase name="Adding two integer numbers INFIX" classname="cucumbertests.RunCucumberTest" time="0.005">
    <error message="Cannot invoke &quot;calculator.Operation.addMoreParams(java.util.List)&quot; because &quot;this.op&quot; is null" type="java.lang.NullPointerException">java.lang.NullPointerException: Cannot invoke "calculator.Operation.addMoreParams(java.util.List)" because "this.op" is null
</error>
    <system-out><![CDATA[
Scenario: Adding two integer numbers INFIX &amp#27;[90m# src/test/resources/calculator/calculator2.feature:21&amp#27;[0m
  &amp#27;[32mGiven &amp#27;[0m&amp#27;[32mI initialise a calculator&amp#27;[0m          &amp#27;[90m# cucumbertests.CalculatorSteps.givenIInitialiseACalculator()&amp#27;[0m
  &amp#27;[31mWhen &amp#27;[0m&amp#27;[31mI provide a &amp#27;[0m&amp#27;[31m&amp#27;[1mfirst&amp#27;[0m&amp#27;[31m number &amp#27;[0m&amp#27;[31m&amp#27;[1m7&amp#27;[0m          &amp#27;[90m# cucumbertests.CalculatorSteps.whenIProvideANumber(java.lang.String,int)&amp#27;[0m
      &amp#27;[31mjava.lang.NullPointerException: Cannot invoke "calculator.Operation.addMoreParams(java.util.List)" because "this.op" is null
	at cucumbertests.CalculatorSteps.whenIProvideANumber(CalculatorSteps.java:91)
	at ✽.I provide a first number 7(file:///home/arnaubuntu/Documents/SE/cucumber/calculator-cucumber/src/test/resources/calculator/calculator2.feature:22)
&amp#27;[0m
  &amp#27;[36mGiven &amp#27;[0m&amp#27;[36man integer operation &amp#27;[0m&amp#27;[36m&amp#27;[1m'+'&amp#27;[0m           &amp#27;[90m# cucumbertests.CalculatorSteps.givenAnIntegerOperation(java.lang.String)&amp#27;[0m
  &amp#27;[36mWhen &amp#27;[0m&amp#27;[36mI provide a &amp#27;[0m&amp#27;[36m&amp#27;[1msecond&amp#27;[0m&amp#27;[36m number &amp#27;[0m&amp#27;[36m&amp#27;[1m5&amp#27;[0m         &amp#27;[90m# cucumbertests.CalculatorSteps.whenIProvideANumber(java.lang.String,int)&amp#27;[0m
  &amp#27;[36mThen &amp#27;[0m&amp#27;[36mthe operation evaluates to &amp#27;[0m&amp#27;[36m&amp#27;[1m12&amp#27;[0m       &amp#27;[90m# cucumbertests.CalculatorSteps.thenTheOperationEvaluatesTo(int)&amp#27;[0m
]]></system-out>
  </testcase>
</testsuite>